  Checking Build System
  CMake does not need to re-run because E:/code/c/mobilefusion/small_resolution/mobilefusion/include/eigen3/build/CMakeFiles/generate.stamp is up-to-date.
  CMake does not need to re-run because E:/code/c/mobilefusion/small_resolution/mobilefusion/include/eigen3/build/Eigen/CMakeFiles/generate.stamp is up-to-date.
  CMake does not need to re-run because E:/code/c/mobilefusion/small_resolution/mobilefusion/include/eigen3/build/Eigen/src/CMakeFiles/generate.stamp is up-to-date.
  CMake does not need to re-run because E:/code/c/mobilefusion/small_resolution/mobilefusion/include/eigen3/build/Eigen/src/Cholesky/CMakeFiles/generate.stamp is up-to-date.
  CMake does not need to re-run because E:/code/c/mobilefusion/small_resolution/mobilefusion/include/eigen3/build/Eigen/src/CholmodSupport/CMakeFiles/generate.stamp is up-to-date.
  CMake does not need to re-run because E:/code/c/mobilefusion/small_resolution/mobilefusion/include/eigen3/build/Eigen/src/Core/CMakeFiles/generate.stamp is up-to-date.
  CMake does not need to re-run because E:/code/c/mobilefusion/small_resolution/mobilefusion/include/eigen3/build/Eigen/src/Core/products/CMakeFiles/generate.stamp is up-to-date.
  CMake does not need to re-run because E:/code/c/mobilefusion/small_resolution/mobilefusion/include/eigen3/build/Eigen/src/Core/util/CMakeFiles/generate.stamp is up-to-date.
  CMake does not need to re-run because E:/code/c/mobilefusion/small_resolution/mobilefusion/include/eigen3/build/Eigen/src/Core/arch/CMakeFiles/generate.stamp is up-to-date.
  CMake does not need to re-run because E:/code/c/mobilefusion/small_resolution/mobilefusion/include/eigen3/build/Eigen/src/Core/arch/SSE/CMakeFiles/generate.stamp is up-to-date.
  CMake does not need to re-run because E:/code/c/mobilefusion/small_resolution/mobilefusion/include/eigen3/build/Eigen/src/Core/arch/AltiVec/CMakeFiles/generate.stamp is up-to-date.
  CMake does not need to re-run because E:/code/c/mobilefusion/small_resolution/mobilefusion/include/eigen3/build/Eigen/src/Core/arch/NEON/CMakeFiles/generate.stamp is up-to-date.
  CMake does not need to re-run because E:/code/c/mobilefusion/small_resolution/mobilefusion/include/eigen3/build/Eigen/src/Core/arch/Default/CMakeFiles/generate.stamp is up-to-date.
  CMake does not need to re-run because E:/code/c/mobilefusion/small_resolution/mobilefusion/include/eigen3/build/Eigen/src/Eigen2Support/CMakeFiles/generate.stamp is up-to-date.
  CMake does not need to re-run because E:/code/c/mobilefusion/small_resolution/mobilefusion/include/eigen3/build/Eigen/src/Eigen2Support/Geometry/CMakeFiles/generate.stamp is up-to-date.
  CMake does not need to re-run because E:/code/c/mobilefusion/small_resolution/mobilefusion/include/eigen3/build/Eigen/src/Eigenvalues/CMakeFiles/generate.stamp is up-to-date.
  CMake does not need to re-run because E:/code/c/mobilefusion/small_resolution/mobilefusion/include/eigen3/build/Eigen/src/Geometry/CMakeFiles/generate.stamp is up-to-date.
  CMake does not need to re-run because E:/code/c/mobilefusion/small_resolution/mobilefusion/include/eigen3/build/Eigen/src/Geometry/arch/CMakeFiles/generate.stamp is up-to-date.
  CMake does not need to re-run because E:/code/c/mobilefusion/small_resolution/mobilefusion/include/eigen3/build/Eigen/src/Householder/CMakeFiles/generate.stamp is up-to-date.
  CMake does not need to re-run because E:/code/c/mobilefusion/small_resolution/mobilefusion/include/eigen3/build/Eigen/src/IterativeLinearSolvers/CMakeFiles/generate.stamp is up-to-date.
  CMake does not need to re-run because E:/code/c/mobilefusion/small_resolution/mobilefusion/include/eigen3/build/Eigen/src/Jacobi/CMakeFiles/generate.stamp is up-to-date.
  CMake does not need to re-run because E:/code/c/mobilefusion/small_resolution/mobilefusion/include/eigen3/build/Eigen/src/LU/CMakeFiles/generate.stamp is up-to-date.
  CMake does not need to re-run because E:/code/c/mobilefusion/small_resolution/mobilefusion/include/eigen3/build/Eigen/src/LU/arch/CMakeFiles/generate.stamp is up-to-date.
  CMake does not need to re-run because E:/code/c/mobilefusion/small_resolution/mobilefusion/include/eigen3/build/Eigen/src/MetisSupport/CMakeFiles/generate.stamp is up-to-date.
  CMake does not need to re-run because E:/code/c/mobilefusion/small_resolution/mobilefusion/include/eigen3/build/Eigen/src/misc/CMakeFiles/generate.stamp is up-to-date.
  CMake does not need to re-run because E:/code/c/mobilefusion/small_resolution/mobilefusion/include/eigen3/build/Eigen/src/OrderingMethods/CMakeFiles/generate.stamp is up-to-date.
  CMake does not need to re-run because E:/code/c/mobilefusion/small_resolution/mobilefusion/include/eigen3/build/Eigen/src/PardisoSupport/CMakeFiles/generate.stamp is up-to-date.
  CMake does not need to re-run because E:/code/c/mobilefusion/small_resolution/mobilefusion/include/eigen3/build/Eigen/src/PaStiXSupport/CMakeFiles/generate.stamp is up-to-date.
  CMake does not need to re-run because E:/code/c/mobilefusion/small_resolution/mobilefusion/include/eigen3/build/Eigen/src/plugins/CMakeFiles/generate.stamp is up-to-date.
  CMake does not need to re-run because E:/code/c/mobilefusion/small_resolution/mobilefusion/include/eigen3/build/Eigen/src/QR/CMakeFiles/generate.stamp is up-to-date.
  CMake does not need to re-run because E:/code/c/mobilefusion/small_resolution/mobilefusion/include/eigen3/build/Eigen/src/SparseCholesky/CMakeFiles/generate.stamp is up-to-date.
  CMake does not need to re-run because E:/code/c/mobilefusion/small_resolution/mobilefusion/include/eigen3/build/Eigen/src/SparseCore/CMakeFiles/generate.stamp is up-to-date.
  CMake does not need to re-run because E:/code/c/mobilefusion/small_resolution/mobilefusion/include/eigen3/build/Eigen/src/SparseLU/CMakeFiles/generate.stamp is up-to-date.
  CMake does not need to re-run because E:/code/c/mobilefusion/small_resolution/mobilefusion/include/eigen3/build/Eigen/src/SparseQR/CMakeFiles/generate.stamp is up-to-date.
  CMake does not need to re-run because E:/code/c/mobilefusion/small_resolution/mobilefusion/include/eigen3/build/Eigen/src/SPQRSupport/CMakeFiles/generate.stamp is up-to-date.
  CMake does not need to re-run because E:/code/c/mobilefusion/small_resolution/mobilefusion/include/eigen3/build/Eigen/src/StlSupport/CMakeFiles/generate.stamp is up-to-date.
  CMake does not need to re-run because E:/code/c/mobilefusion/small_resolution/mobilefusion/include/eigen3/build/Eigen/src/SuperLUSupport/CMakeFiles/generate.stamp is up-to-date.
  CMake does not need to re-run because E:/code/c/mobilefusion/small_resolution/mobilefusion/include/eigen3/build/Eigen/src/SVD/CMakeFiles/generate.stamp is up-to-date.
  CMake does not need to re-run because E:/code/c/mobilefusion/small_resolution/mobilefusion/include/eigen3/build/Eigen/src/UmfPackSupport/CMakeFiles/generate.stamp is up-to-date.
  CMake does not need to re-run because E:/code/c/mobilefusion/small_resolution/mobilefusion/include/eigen3/build/doc/CMakeFiles/generate.stamp is up-to-date.
  CMake does not need to re-run because E:/code/c/mobilefusion/small_resolution/mobilefusion/include/eigen3/build/doc/examples/CMakeFiles/generate.stamp is up-to-date.
  CMake does not need to re-run because E:/code/c/mobilefusion/small_resolution/mobilefusion/include/eigen3/build/doc/special_examples/CMakeFiles/generate.stamp is up-to-date.
  CMake does not need to re-run because E:/code/c/mobilefusion/small_resolution/mobilefusion/include/eigen3/build/doc/snippets/CMakeFiles/generate.stamp is up-to-date.
  CMake does not need to re-run because E:/code/c/mobilefusion/small_resolution/mobilefusion/include/eigen3/build/test/CMakeFiles/generate.stamp is up-to-date.
  CMake does not need to re-run because E:/code/c/mobilefusion/small_resolution/mobilefusion/include/eigen3/build/blas/CMakeFiles/generate.stamp is up-to-date.
  CMake does not need to re-run because E:/code/c/mobilefusion/small_resolution/mobilefusion/include/eigen3/build/lapack/CMakeFiles/generate.stamp is up-to-date.
  CMake does not need to re-run because E:/code/c/mobilefusion/small_resolution/mobilefusion/include/eigen3/build/unsupported/CMakeFiles/generate.stamp is up-to-date.
  CMake does not need to re-run because E:/code/c/mobilefusion/small_resolution/mobilefusion/include/eigen3/build/unsupported/Eigen/CMakeFiles/generate.stamp is up-to-date.
  CMake does not need to re-run because E:/code/c/mobilefusion/small_resolution/mobilefusion/include/eigen3/build/unsupported/Eigen/src/CMakeFiles/generate.stamp is up-to-date.
  CMake does not need to re-run because E:/code/c/mobilefusion/small_resolution/mobilefusion/include/eigen3/build/unsupported/Eigen/src/AutoDiff/CMakeFiles/generate.stamp is up-to-date.
  CMake does not need to re-run because E:/code/c/mobilefusion/small_resolution/mobilefusion/include/eigen3/build/unsupported/Eigen/src/BVH/CMakeFiles/generate.stamp is up-to-date.
  CMake does not need to re-run because E:/code/c/mobilefusion/small_resolution/mobilefusion/include/eigen3/build/unsupported/Eigen/src/Eigenvalues/CMakeFiles/generate.stamp is up-to-date.
  CMake does not need to re-run because E:/code/c/mobilefusion/small_resolution/mobilefusion/include/eigen3/build/unsupported/Eigen/src/FFT/CMakeFiles/generate.stamp is up-to-date.
  CMake does not need to re-run because E:/code/c/mobilefusion/small_resolution/mobilefusion/include/eigen3/build/unsupported/Eigen/src/IterativeSolvers/CMakeFiles/generate.stamp is up-to-date.
  CMake does not need to re-run because E:/code/c/mobilefusion/small_resolution/mobilefusion/include/eigen3/build/unsupported/Eigen/src/KroneckerProduct/CMakeFiles/generate.stamp is up-to-date.
  CMake does not need to re-run because E:/code/c/mobilefusion/small_resolution/mobilefusion/include/eigen3/build/unsupported/Eigen/src/LevenbergMarquardt/CMakeFiles/generate.stamp is up-to-date.
  CMake does not need to re-run because E:/code/c/mobilefusion/small_resolution/mobilefusion/include/eigen3/build/unsupported/Eigen/src/MatrixFunctions/CMakeFiles/generate.stamp is up-to-date.
  CMake does not need to re-run because E:/code/c/mobilefusion/small_resolution/mobilefusion/include/eigen3/build/unsupported/Eigen/src/MoreVectorization/CMakeFiles/generate.stamp is up-to-date.
  CMake does not need to re-run because E:/code/c/mobilefusion/small_resolution/mobilefusion/include/eigen3/build/unsupported/Eigen/src/NonLinearOptimization/CMakeFiles/generate.stamp is up-to-date.
  CMake does not need to re-run because E:/code/c/mobilefusion/small_resolution/mobilefusion/include/eigen3/build/unsupported/Eigen/src/NumericalDiff/CMakeFiles/generate.stamp is up-to-date.
  CMake does not need to re-run because E:/code/c/mobilefusion/small_resolution/mobilefusion/include/eigen3/build/unsupported/Eigen/src/Polynomials/CMakeFiles/generate.stamp is up-to-date.
  CMake does not need to re-run because E:/code/c/mobilefusion/small_resolution/mobilefusion/include/eigen3/build/unsupported/Eigen/src/Skyline/CMakeFiles/generate.stamp is up-to-date.
  CMake does not need to re-run because E:/code/c/mobilefusion/small_resolution/mobilefusion/include/eigen3/build/unsupported/Eigen/src/SparseExtra/CMakeFiles/generate.stamp is up-to-date.
  CMake does not need to re-run because E:/code/c/mobilefusion/small_resolution/mobilefusion/include/eigen3/build/unsupported/Eigen/src/Splines/CMakeFiles/generate.stamp is up-to-date.
  CMake does not need to re-run because E:/code/c/mobilefusion/small_resolution/mobilefusion/include/eigen3/build/unsupported/doc/CMakeFiles/generate.stamp is up-to-date.
  CMake does not need to re-run because E:/code/c/mobilefusion/small_resolution/mobilefusion/include/eigen3/build/unsupported/doc/examples/CMakeFiles/generate.stamp is up-to-date.
  CMake does not need to re-run because E:/code/c/mobilefusion/small_resolution/mobilefusion/include/eigen3/build/unsupported/doc/snippets/CMakeFiles/generate.stamp is up-to-date.
  CMake does not need to re-run because E:/code/c/mobilefusion/small_resolution/mobilefusion/include/eigen3/build/unsupported/test/CMakeFiles/generate.stamp is up-to-date.
  CMake does not need to re-run because E:/code/c/mobilefusion/small_resolution/mobilefusion/include/eigen3/build/demos/CMakeFiles/generate.stamp is up-to-date.
  CMake does not need to re-run because E:/code/c/mobilefusion/small_resolution/mobilefusion/include/eigen3/build/scripts/CMakeFiles/generate.stamp is up-to-date.
